<?xml version="1.0" encoding="UTF-8"?>
<robot generator="Robot 4.1.3 (Python 3.10.2 on win32)" generated="20220308 16:37:58.017" rpa="false" schemaversion="2">
<suite id="s1" name="Simple Test" source="C:\Users\nkoshkina\PycharmProjects\Python_Training2\rf\simple_test.robot">
<kw name="Log" library="BuiltIn" type="SETUP">
<arg>Suite setup</arg>
<doc>Logs the given message with the given level.</doc>
<msg timestamp="20220308 16:37:58.048" level="INFO">Suite setup</msg>
<status status="PASS" starttime="20220308 16:37:58.048" endtime="20220308 16:37:58.049"/>
</kw>
<test id="s1-t1" name="Test Case Pass Example">
<kw name="Log" library="BuiltIn" type="SETUP">
<arg>Test setup</arg>
<doc>Logs the given message with the given level.</doc>
<msg timestamp="20220308 16:37:58.049" level="INFO">Test setup</msg>
<status status="PASS" starttime="20220308 16:37:58.049" endtime="20220308 16:37:58.049"/>
</kw>
<kw name="Set Variable" library="BuiltIn">
<var>${hello_world}</var>
<arg>Hello</arg>
<doc>Returns the given values which can then be assigned to a variables.</doc>
<msg timestamp="20220308 16:37:58.050" level="INFO">${hello_world} = Hello</msg>
<status status="PASS" starttime="20220308 16:37:58.050" endtime="20220308 16:37:58.050"/>
</kw>
<kw name="Add Word To String">
<var>${hello_world}</var>
<arg>${hello_world}</arg>
<arg>world</arg>
<kw name="Catenate" library="BuiltIn">
<var>${string}</var>
<arg>${string}</arg>
<arg>${word}</arg>
<doc>Catenates the given items together and returns the resulted string.</doc>
<msg timestamp="20220308 16:37:58.051" level="INFO">${string} = Hello world</msg>
<status status="PASS" starttime="20220308 16:37:58.051" endtime="20220308 16:37:58.052"/>
</kw>
<msg timestamp="20220308 16:37:58.052" level="INFO">${hello_world} = Hello world</msg>
<status status="PASS" starttime="20220308 16:37:58.050" endtime="20220308 16:37:58.052"/>
</kw>
<kw name="Should Be Equal As Strings" library="BuiltIn">
<arg>${hello_world}</arg>
<arg>Hello world</arg>
<doc>Fails if objects are unequal after converting them to strings.</doc>
<status status="PASS" starttime="20220308 16:37:58.052" endtime="20220308 16:37:58.052"/>
</kw>
<kw name="Log" library="BuiltIn" type="TEARDOWN">
<arg>Test teardown</arg>
<doc>Logs the given message with the given level.</doc>
<msg timestamp="20220308 16:37:58.053" level="INFO">Test teardown</msg>
<status status="PASS" starttime="20220308 16:37:58.053" endtime="20220308 16:37:58.053"/>
</kw>
<status status="PASS" starttime="20220308 16:37:58.049" endtime="20220308 16:37:58.053"/>
</test>
<test id="s1-t2" name="Test Case Fail Example">
<kw name="Log" library="BuiltIn" type="SETUP">
<arg>Test setup</arg>
<doc>Logs the given message with the given level.</doc>
<msg timestamp="20220308 16:37:58.055" level="INFO">Test setup</msg>
<status status="PASS" starttime="20220308 16:37:58.055" endtime="20220308 16:37:58.055"/>
</kw>
<kw name="Set Variable" library="BuiltIn">
<var>${hello_world}</var>
<arg>Goodbye</arg>
<doc>Returns the given values which can then be assigned to a variables.</doc>
<msg timestamp="20220308 16:37:58.055" level="INFO">${hello_world} = Goodbye</msg>
<status status="PASS" starttime="20220308 16:37:58.055" endtime="20220308 16:37:58.055"/>
</kw>
<kw name="Add Word To String">
<var>${hello_world}</var>
<arg>${hello_world}</arg>
<arg>world</arg>
<kw name="Catenate" library="BuiltIn">
<var>${string}</var>
<arg>${string}</arg>
<arg>${word}</arg>
<doc>Catenates the given items together and returns the resulted string.</doc>
<msg timestamp="20220308 16:37:58.056" level="INFO">${string} = Goodbye world</msg>
<status status="PASS" starttime="20220308 16:37:58.056" endtime="20220308 16:37:58.056"/>
</kw>
<msg timestamp="20220308 16:37:58.056" level="INFO">${hello_world} = Goodbye world</msg>
<status status="PASS" starttime="20220308 16:37:58.056" endtime="20220308 16:37:58.056"/>
</kw>
<kw name="Should Be Equal As Strings" library="BuiltIn">
<arg>${hello_world}</arg>
<arg>Hello world</arg>
<doc>Fails if objects are unequal after converting them to strings.</doc>
<msg timestamp="20220308 16:37:58.057" level="FAIL">Goodbye world != Hello world</msg>
<status status="FAIL" starttime="20220308 16:37:58.057" endtime="20220308 16:37:58.057"/>
</kw>
<kw name="Log" library="BuiltIn" type="TEARDOWN">
<arg>Test teardown</arg>
<doc>Logs the given message with the given level.</doc>
<msg timestamp="20220308 16:37:58.058" level="INFO">Test teardown</msg>
<status status="PASS" starttime="20220308 16:37:58.058" endtime="20220308 16:37:58.058"/>
</kw>
<status status="FAIL" starttime="20220308 16:37:58.054" endtime="20220308 16:37:58.058">Goodbye world != Hello world</status>
</test>
<kw name="Log" library="BuiltIn" type="TEARDOWN">
<arg>Suite teardown</arg>
<doc>Logs the given message with the given level.</doc>
<msg timestamp="20220308 16:37:58.061" level="INFO">Suite teardown</msg>
<status status="PASS" starttime="20220308 16:37:58.061" endtime="20220308 16:37:58.061"/>
</kw>
<status status="FAIL" starttime="20220308 16:37:58.019" endtime="20220308 16:37:58.061"/>
</suite>
<statistics>
<total>
<stat pass="1" fail="1" skip="0">All Tests</stat>
</total>
<tag>
</tag>
<suite>
<stat pass="1" fail="1" skip="0" id="s1" name="Simple Test">Simple Test</stat>
</suite>
</statistics>
<errors>
</errors>
</robot>
